#
# There is insufficient memory for the Java Runtime Environment to continue.
# Native memory allocation (malloc) failed to allocate 135266304 bytes for committing reserved memory.
# Possible reasons:
#   The system is out of physical RAM or swap space
#   In 32 bit mode, the process size limit was hit
# Possible solutions:
#   Reduce memory load on the system
#   Increase physical memory or swap space
#   Check if swap backing store is full
#   Use 64 bit Java on a 64 bit OS
#   Decrease Java heap size (-Xmx/-Xms)
#   Decrease number of Java threads
#   Decrease Java thread stack sizes (-Xss)
#   Set larger code cache with -XX:ReservedCodeCacheSize=
# This output file may be truncated or incomplete.
#
#  Out of Memory Error (os_linux.cpp:2827), pid=20316, tid=140661197625088
#
# JRE version: OpenJDK Runtime Environment (7.0_101) (build 1.7.0_101-b00)
# Java VM: OpenJDK 64-Bit Server VM (24.95-b01 mixed mode linux-amd64 compressed oops)
# Derivative: IcedTea 2.6.6
# Distribution: Ubuntu 14.04 LTS, package 7u101-2.6.6-0ubuntu0.14.04.1
# Failed to write core dump. Core dumps have been disabled. To enable core dumping, try "ulimit -c unlimited" before starting Java again
#

---------------  T H R E A D  ---------------

Current thread (0x00007fee38075800):  VMThread [stack: 0x00007fee3ca7d000,0x00007fee3cb7e000] [id=20322]

Stack: [0x00007fee3ca7d000,0x00007fee3cb7e000],  sp=0x00007fee3cb7c490,  free space=1021k
Native frames: (J=compiled Java code, j=interpreted, Vv=VM code, C=native code)
V  [libjvm.so+0x955705]
V  [libjvm.so+0x490c44]
V  [libjvm.so+0x7d0c9b]
V  [libjvm.so+0x7cb75f]
V  [libjvm.so+0x83ee5b]
V  [libjvm.so+0x83fcc0]
V  [libjvm.so+0x8403ab]
V  [libjvm.so+0x83c5e8]
V  [libjvm.so+0x83ce58]
V  [libjvm.so+0x7f34a3]
V  [libjvm.so+0x957104]
V  [libjvm.so+0x95b207]
V  [libjvm.so+0x959cc8]
V  [libjvm.so+0x95a129]
V  [libjvm.so+0x95a572]
V  [libjvm.so+0x7cdb62]

VM_Operation (0x00007fee41d37da0): ParallelGCFailedAllocation, mode: safepoint, requested by thread 0x00007fee3800a000


---------------  P R O C E S S  ---------------

Java Threads: ( => current thread )
  0x00007fee380b1000 JavaThread "Service Thread" daemon [_thread_blocked, id=20328, stack(0x00007fee3c07d000,0x00007fee3c17e000)]
  0x00007fee380ae800 JavaThread "C2 CompilerThread1" daemon [_thread_blocked, id=20327, stack(0x00007fee3c17e000,0x00007fee3c27f000)]
  0x00007fee380ab800 JavaThread "C2 CompilerThread0" daemon [_thread_in_native, id=20326, stack(0x00007fee3c27f000,0x00007fee3c380000)]
  0x00007fee380a9800 JavaThread "Signal Dispatcher" daemon [_thread_blocked, id=20325, stack(0x00007fee3c380000,0x00007fee3c481000)]
  0x00007fee3807c000 JavaThread "Finalizer" daemon [_thread_blocked, id=20324, stack(0x00007fee3c87b000,0x00007fee3c97c000)]
  0x00007fee3807a000 JavaThread "Reference Handler" daemon [_thread_blocked, id=20323, stack(0x00007fee3c97c000,0x00007fee3ca7d000)]
  0x00007fee3800a000 JavaThread "main" [_thread_blocked, id=20317, stack(0x00007fee41c3b000,0x00007fee41d3c000)]

Other Threads:
=>0x00007fee38075800 VMThread [stack: 0x00007fee3ca7d000,0x00007fee3cb7e000] [id=20322]
  0x00007fee380bb800 WatcherThread [stack: 0x00007fee34eff000,0x00007fee35000000] [id=20329]

VM state:at safepoint (normal execution)

VM Mutex/Monitor currently owned by a thread:  ([mutex/lock_event])
[0x00007fee380063f0] Threads_lock - owner thread: 0x00007fee38075800
[0x00007fee380068f0] Heap_lock - owner thread: 0x00007fee3800a000

Heap
 PSYoungGen      total 142848K, used 9475K [0x00000000eaa80000, 0x00000000f4080000, 0x0000000100000000)
  eden space 132096K, 0% used [0x00000000eaa80000,0x00000000eaa80000,0x00000000f2b80000)
  from space 10752K, 88% used [0x00000000f2b80000,0x00000000f34c0c00,0x00000000f3600000)
  to   space 10752K, 0% used [0x00000000f3600000,0x00000000f3600000,0x00000000f4080000)
 ParOldGen       total 175104K, used 7799K [0x00000000c0000000, 0x00000000cab00000, 0x00000000eaa80000)
  object space 175104K, 4% used [0x00000000c0000000,0x00000000c079dd08,0x00000000cab00000)
 PSPermGen       total 21504K, used 4963K [0x00000000b5a00000, 0x00000000b6f00000, 0x00000000c0000000)
  object space 21504K, 23% used [0x00000000b5a00000,0x00000000b5ed8ff0,0x00000000b6f00000)

Card table byte_map: [0x00007fee3e626000,0x00007fee3e87a000] byte_map_base: 0x00007fee3e079000

Polling page: 0x00007fee41d64000

Code Cache  [0x00007fee35000000, 0x00007fee35270000, 0x00007fee38000000)
 total_blobs=445 nmethods=229 adapters=169 free_code_cache=47842Kb largest_free_block=48917568

Compilation events (10 events):
Event: 5,863 Thread 0x00007fee380ae800  245             java.util.ArrayList$Itr::<init> (6 bytes)
Event: 5,864 Thread 0x00007fee380ae800 nmethod 245 0x00007fee35077b10 code [0x00007fee35077c40, 0x00007fee35077cd8]
Event: 5,864 Thread 0x00007fee380ae800  246             java.util.ArrayList$Itr::<init> (26 bytes)
Event: 5,865 Thread 0x00007fee380ae800 nmethod 246 0x00007fee35121490 code [0x00007fee351215c0, 0x00007fee35121658]
Event: 6,059 Thread 0x00007fee380ae800  247             edu.mit.csail.sdg.alloy4compiler.ast.VisitReturn::visitThis (6 bytes)
Event: 6,060 Thread 0x00007fee380ae800 nmethod 247 0x00007fee35121250 code [0x00007fee351213a0, 0x00007fee35121418]
Event: 6,078 Thread 0x00007fee380ae800  248             edu.mit.csail.sdg.alloy4compiler.ast.Type::make (117 bytes)
Event: 6,089 Thread 0x00007fee380ae800 nmethod 248 0x00007fee35078210 code [0x00007fee350783c0, 0x00007fee350788c8]
Event: 6,400 Thread 0x00007fee380ae800  249             edu.mit.csail.sdg.alloy4.ConstList::make (42 bytes)
Event: 6,429 Thread 0x00007fee380ae800 nmethod 249 0x00007fee3511ed10 code [0x00007fee3511eea0, 0x00007fee3511f428]

GC Heap History (5 events):
Event: 3,463 GC heap before
{Heap before GC invocations=1 (full 0):
 PSYoungGen      total 76800K, used 66048K [0x00000000eaa80000, 0x00000000f0000000, 0x0000000100000000)
  eden space 66048K, 100% used [0x00000000eaa80000,0x00000000eeb00000,0x00000000eeb00000)
  from space 10752K, 0% used [0x00000000ef580000,0x00000000ef580000,0x00000000f0000000)
  to   space 10752K, 0% used [0x00000000eeb00000,0x00000000eeb00000,0x00000000ef580000)
 ParOldGen       total 175104K, used 0K [0x00000000c0000000, 0x00000000cab00000, 0x00000000eaa80000)
  object space 175104K, 0% used [0x00000000c0000000,0x00000000c0000000,0x00000000cab00000)
 PSPermGen       total 21504K, used 4845K [0x00000000b5a00000, 0x00000000b6f00000, 0x00000000c0000000)
  object space 21504K, 22% used [0x00000000b5a00000,0x00000000b5ebb578,0x00000000b6f00000)
Event: 3,580 GC heap after
Heap after GC invocations=1 (full 0):
 PSYoungGen      total 76800K, used 10723K [0x00000000eaa80000, 0x00000000f4080000, 0x0000000100000000)
  eden space 66048K, 0% used [0x00000000eaa80000,0x00000000eaa80000,0x00000000eeb00000)
  from space 10752K, 99% used [0x00000000eeb00000,0x00000000ef578c00,0x00000000ef580000)
  to   space 10752K, 0% used [0x00000000f3600000,0x00000000f3600000,0x00000000f4080000)
 ParOldGen       total 175104K, used 7799K [0x00000000c0000000, 0x00000000cab00000, 0x00000000eaa80000)
  object space 175104K, 4% used [0x00000000c0000000,0x00000000c079dd08,0x00000000cab00000)
 PSPermGen       total 21504K, used 4845K [0x00000000b5a00000, 0x00000000b6f00000, 0x00000000c0000000)
  object space 21504K, 22% used [0x00000000b5a00000,0x00000000b5ebb578,0x00000000b6f00000)
}
Event: 5,405 GC heap before
{Heap before GC invocations=2 (full 0):
 PSYoungGen      total 76800K, used 76771K [0x00000000eaa80000, 0x00000000f4080000, 0x0000000100000000)
  eden space 66048K, 100% used [0x00000000eaa80000,0x00000000eeb00000,0x00000000eeb00000)
  from space 10752K, 99% used [0x00000000eeb00000,0x00000000ef578c00,0x00000000ef580000)
  to   space 10752K, 0% used [0x00000000f3600000,0x00000000f3600000,0x00000000f4080000)
 ParOldGen       total 175104K, used 7799K [0x00000000c0000000, 0x00000000cab00000, 0x00000000eaa80000)
  object space 175104K, 4% used [0x00000000c0000000,0x00000000c079dd08,0x00000000cab00000)
 PSPermGen       total 21504K, used 4956K [0x00000000b5a00000, 0x00000000b6f00000, 0x00000000c0000000)
  object space 21504K, 23% used [0x00000000b5a00000,0x00000000b5ed73a8,0x00000000b6f00000)
Event: 5,470 GC heap after
Heap after GC invocations=2 (full 0):
 PSYoungGen      total 142848K, used 10595K [0x00000000eaa80000, 0x00000000f4080000, 0x0000000100000000)
  eden space 132096K, 0% used [0x00000000eaa80000,0x00000000eaa80000,0x00000000f2b80000)
  from space 10752K, 98% used [0x00000000f3600000,0x00000000f4058c00,0x00000000f4080000)
  to   space 10752K, 0% used [0x00000000f2b80000,0x00000000f2b80000,0x00000000f3600000)
 ParOldGen       total 175104K, used 7799K [0x00000000c0000000, 0x00000000cab00000, 0x00000000eaa80000)
  object space 175104K, 4% used [0x00000000c0000000,0x00000000c079dd08,0x00000000cab00000)
 PSPermGen       total 21504K, used 4956K [0x00000000b5a00000, 0x00000000b6f00000, 0x00000000c0000000)
  object space 21504K, 23% used [0x00000000b5a00000,0x00000000b5ed73a8,0x00000000b6f00000)
}
Event: 6,561 GC heap before
{Heap before GC invocations=3 (full 0):
 PSYoungGen      total 142848K, used 142691K [0x00000000eaa80000, 0x00000000f4080000, 0x0000000100000000)
  eden space 132096K, 100% used [0x00000000eaa80000,0x00000000f2b80000,0x00000000f2b80000)
  from space 10752K, 98% used [0x00000000f3600000,0x00000000f4058c00,0x00000000f4080000)
  to   space 10752K, 0% used [0x00000000f2b80000,0x00000000f2b80000,0x00000000f3600000)
 ParOldGen       total 175104K, used 7799K [0x00000000c0000000, 0x00000000cab00000, 0x00000000eaa80000)
  object space 175104K, 4% used [0x00000000c0000000,0x00000000c079dd08,0x00000000cab00000)
 PSPermGen       total 21504K, used 4963K [0x00000000b5a00000, 0x00000000b6f00000, 0x00000000c0000000)
  object space 21504K, 23% used [0x00000000b5a00000,0x00000000b5ed8ff0,0x00000000b6f00000)

Deoptimization events (10 events):
Event: 3,913 Thread 0x00007fee3800a000 Uncommon trap: reason=unstable_if action=reinterpret pc=0x00007fee350f3ec0 method=edu.mit.csail.sdg.alloy4compiler.ast.Type$ProductType.join(Ledu/mit/csail/sdg/alloy4compiler/ast/Type$ProductType;)Ledu/mit/csail/sdg/alloy4compiler/ast/Type$ProductType; @ 
Event: 3,913 Thread 0x00007fee3800a000 Uncommon trap: reason=unstable_if action=reinterpret pc=0x00007fee350f8000 method=edu.mit.csail.sdg.alloy4compiler.ast.Sig$PrimSig.isSameOrDescendentOf(Ledu/mit/csail/sdg/alloy4compiler/ast/Sig;)Z @ 45
Event: 3,913 Thread 0x00007fee3800a000 Uncommon trap: reason=unstable_if action=reinterpret pc=0x00007fee350ef1f0 method=edu.mit.csail.sdg.alloy4compiler.ast.Sig$PrimSig.isSameOrDescendentOf(Ledu/mit/csail/sdg/alloy4compiler/ast/Sig;)Z @ 45
Event: 3,993 Thread 0x00007fee3800a000 Uncommon trap: reason=unstable_if action=reinterpret pc=0x00007fee350ec3a0 method=edu.mit.csail.sdg.alloy4compiler.ast.Type$ProductType.isEmpty()Z @ 17
Event: 3,996 Thread 0x00007fee3800a000 Uncommon trap: reason=unstable_if action=reinterpret pc=0x00007fee35104d8c method=edu.mit.csail.sdg.alloy4compiler.ast.Sig$PrimSig.isSameOrDescendentOf(Ledu/mit/csail/sdg/alloy4compiler/ast/Sig;)Z @ 16
Event: 3,996 Thread 0x00007fee3800a000 Uncommon trap: reason=unstable_if action=reinterpret pc=0x00007fee35104390 method=edu.mit.csail.sdg.alloy4compiler.ast.Sig$PrimSig.isSameOrDescendentOf(Ledu/mit/csail/sdg/alloy4compiler/ast/Sig;)Z @ 16
Event: 3,996 Thread 0x00007fee3800a000 Uncommon trap: reason=unstable_if action=reinterpret pc=0x00007fee35103b8c method=edu.mit.csail.sdg.alloy4compiler.ast.Sig$PrimSig.isSameOrDescendentOf(Ledu/mit/csail/sdg/alloy4compiler/ast/Sig;)Z @ 25
Event: 4,062 Thread 0x00007fee3800a000 Uncommon trap: reason=unstable_if action=reinterpret pc=0x00007fee350e9734 method=edu.mit.csail.sdg.alloy4compiler.ast.Expr.typecheck_as_formula()Ledu/mit/csail/sdg/alloy4compiler/ast/Expr; @ 7
Event: 4,063 Thread 0x00007fee3800a000 Uncommon trap: reason=unstable_if action=reinterpret pc=0x00007fee35110558 method=edu.mit.csail.sdg.alloy4compiler.ast.Type.join(Ledu/mit/csail/sdg/alloy4compiler/ast/Type;)Ledu/mit/csail/sdg/alloy4compiler/ast/Type; @ 91
Event: 4,838 Thread 0x00007fee3800a000 Uncommon trap: reason=null_check action=make_not_entrant pc=0x00007fee35138428 method=edu.mit.csail.sdg.alloy4compiler.parser.CompModule.getRawNQS(Ledu/mit/csail/sdg/alloy4compiler/parser/CompModule;ILjava/lang/String;)Ljava/util/List; @ 145

Internal exceptions (10 events):
Event: 3,170 Thread 0x00007fee3800a000 Threw 0x00000000ee3745d0 at /build/openjdk-7-9duhBW/openjdk-7-7u101-2.6.6/build/openjdk/hotspot/src/share/vm/prims/jvm.cpp:1322
Event: 3,170 Thread 0x00007fee3800a000 Threw 0x00000000ee377dd8 at /build/openjdk-7-9duhBW/openjdk-7-7u101-2.6.6/build/openjdk/hotspot/src/share/vm/prims/jvm.cpp:1322
Event: 3,173 Thread 0x00007fee3800a000 Threw 0x00000000ee37b890 at /build/openjdk-7-9duhBW/openjdk-7-7u101-2.6.6/build/openjdk/hotspot/src/share/vm/prims/jvm.cpp:1322
Event: 3,175 Thread 0x00007fee3800a000 Threw 0x00000000ee381db8 at /build/openjdk-7-9duhBW/openjdk-7-7u101-2.6.6/build/openjdk/hotspot/src/share/vm/prims/jvm.cpp:1322
Event: 3,783 Thread 0x00007fee3800a000 Threw 0x00000000eaefe158 at /build/openjdk-7-9duhBW/openjdk-7-7u101-2.6.6/build/openjdk/hotspot/src/share/vm/prims/jvm.cpp:1322
Event: 3,823 Thread 0x00007fee3800a000 Threw 0x00000000eafbcc20 at /build/openjdk-7-9duhBW/openjdk-7-7u101-2.6.6/build/openjdk/hotspot/src/share/vm/prims/jvm.cpp:1322
Event: 3,829 Thread 0x00007fee3800a000 Threw 0x00000000eafc6640 at /build/openjdk-7-9duhBW/openjdk-7-7u101-2.6.6/build/openjdk/hotspot/src/share/vm/prims/jvm.cpp:1322
Event: 3,947 Thread 0x00007fee3800a000 Threw 0x00000000eb1c2e08 at /build/openjdk-7-9duhBW/openjdk-7-7u101-2.6.6/build/openjdk/hotspot/src/share/vm/prims/jvm.cpp:1322
Event: 3,991 Thread 0x00007fee3800a000 Threw 0x00000000eb2823e8 at /build/openjdk-7-9duhBW/openjdk-7-7u101-2.6.6/build/openjdk/hotspot/src/share/vm/prims/jvm.cpp:1322
Event: 4,838 Thread 0x00007fee3800a000 Implicit null exception at 0x00007fee35132014 to 0x00007fee351383f1

Events (10 events):
Event: 4,741 loading class 0x00007fee3ddf5450
Event: 4,741 loading class 0x00007fee3ddf5450 done
Event: 4,838 Thread 0x00007fee3800a000 Uncommon trap: trap_request=0xfffffff4 fr.pc=0x00007fee35138428
Event: 4,838 Thread 0x00007fee3800a000 DEOPT PACKING pc=0x00007fee35138428 sp=0x00007fee41d376d0
Event: 4,838 Thread 0x00007fee3800a000 DEOPT UNPACKING pc=0x00007fee35039445 sp=0x00007fee41d37640 mode 2
Event: 5,405 Executing VM operation: ParallelGCFailedAllocation
Event: 5,470 Executing VM operation: ParallelGCFailedAllocation done
Event: 5,863 loading class 0x00007fee3ddd9a20
Event: 5,863 loading class 0x00007fee3ddd9a20 done
Event: 6,555 Executing VM operation: ParallelGCFailedAllocation


Dynamic libraries:
00400000-00401000 r-xp 00000000 08:06 1440328                            /usr/lib/jvm/java-7-openjdk-amd64/jre/bin/java
00600000-00601000 r--p 00000000 08:06 1440328                            /usr/lib/jvm/java-7-openjdk-amd64/jre/bin/java
00601000-00602000 rw-p 00001000 08:06 1440328                            /usr/lib/jvm/java-7-openjdk-amd64/jre/bin/java
01560000-01581000 rw-p 00000000 00:00 0                                  [heap]
b5a00000-b6f00000 rw-p 00000000 00:00 0 
b6f00000-c0000000 rw-p 00000000 00:00 0 
c0000000-cab00000 rw-p 00000000 00:00 0 
cab00000-eaa80000 rw-p 00000000 00:00 0 
eaa80000-f4080000 rw-p 00000000 00:00 0 
fc180000-100000000 rw-p 00000000 00:00 0 
7fedf8000000-7fedf8021000 rw-p 00000000 00:00 0 
7fedf8021000-7fedfc000000 ---p 00000000 00:00 0 
7fee00000000-7fee0096b000 rw-p 00000000 00:00 0 
7fee0096b000-7fee04000000 ---p 00000000 00:00 0 
7fee04000000-7fee04021000 rw-p 00000000 00:00 0 
7fee04021000-7fee08000000 ---p 00000000 00:00 0 
7fee08000000-7fee08021000 rw-p 00000000 00:00 0 
7fee08021000-7fee0c000000 ---p 00000000 00:00 0 
7fee0c000000-7fee0d0e6000 rw-p 00000000 00:00 0 
7fee0d0e6000-7fee10000000 ---p 00000000 00:00 0 
7fee10000000-7fee10021000 rw-p 00000000 00:00 0 
7fee10021000-7fee14000000 ---p 00000000 00:00 0 
7fee14000000-7fee14021000 rw-p 00000000 00:00 0 
7fee14021000-7fee18000000 ---p 00000000 00:00 0 
7fee18000000-7fee18021000 rw-p 00000000 00:00 0 
7fee18021000-7fee1c000000 ---p 00000000 00:00 0 
7fee1c000000-7fee1c021000 rw-p 00000000 00:00 0 
7fee1c021000-7fee20000000 ---p 00000000 00:00 0 
7fee20000000-7fee20021000 rw-p 00000000 00:00 0 
7fee20021000-7fee24000000 ---p 00000000 00:00 0 
7fee28000000-7fee28021000 rw-p 00000000 00:00 0 
7fee28021000-7fee2c000000 ---p 00000000 00:00 0 
7fee2dad0000-7fee30000000 rw-p 00000000 00:00 0 
7fee30000000-7fee30021000 rw-p 00000000 00:00 0 
7fee30021000-7fee34000000 ---p 00000000 00:00 0 
7fee34d8a000-7fee34eff000 rw-p 00000000 00:00 0 
7fee34eff000-7fee34f00000 ---p 00000000 00:00 0 
7fee34f00000-7fee35000000 rw-p 00000000 00:00 0                          [stack:20329]
7fee35000000-7fee35270000 rwxp 00000000 00:00 0 
7fee35270000-7fee38240000 rw-p 00000000 00:00 0 
7fee38240000-7fee3c000000 ---p 00000000 00:00 0 
7fee3c063000-7fee3c07d000 r--s 00161000 08:06 920842                     /home/pponzio/unrc/investigacion/bottom-up/bottom-up-testing/alloy/alloycli.jar
7fee3c07d000-7fee3c080000 ---p 00000000 00:00 0 
7fee3c080000-7fee3c17e000 rw-p 00000000 00:00 0                          [stack:20328]
7fee3c17e000-7fee3c181000 ---p 00000000 00:00 0 
7fee3c181000-7fee3c27f000 rw-p 00000000 00:00 0                          [stack:20327]
7fee3c27f000-7fee3c282000 ---p 00000000 00:00 0 
7fee3c282000-7fee3c380000 rw-p 00000000 00:00 0                          [stack:20326]
7fee3c380000-7fee3c383000 ---p 00000000 00:00 0 
7fee3c383000-7fee3c481000 rw-p 00000000 00:00 0                          [stack:20325]
7fee3c481000-7fee3c87b000 r--p 00000000 08:06 1315819                    /usr/lib/locale/locale-archive
7fee3c87b000-7fee3c87e000 ---p 00000000 00:00 0 
7fee3c87e000-7fee3c97c000 rw-p 00000000 00:00 0                          [stack:20324]
7fee3c97c000-7fee3c97f000 ---p 00000000 00:00 0 
7fee3c97f000-7fee3ca7d000 rw-p 00000000 00:00 0                          [stack:20323]
7fee3ca7d000-7fee3ca7e000 ---p 00000000 00:00 0 
7fee3ca7e000-7fee3db7b000 rw-p 00000000 00:00 0                          [stack:20322]
7fee3db7b000-7fee3dd2d000 r--s 01d32000 08:06 1440384                    /usr/lib/jvm/java-7-openjdk-amd64/jre/lib/rt.jar
7fee3dd2d000-7fee3e079000 rw-p 00000000 00:00 0 
7fee3e079000-7fee3e07a000 ---p 00000000 00:00 0 
7fee3e07a000-7fee3e17a000 rw-p 00000000 00:00 0                          [stack:20321]
7fee3e17a000-7fee3e17b000 ---p 00000000 00:00 0 
7fee3e17b000-7fee3e27b000 rw-p 00000000 00:00 0                          [stack:20320]
7fee3e27b000-7fee3e27c000 ---p 00000000 00:00 0 
7fee3e27c000-7fee3e37c000 rw-p 00000000 00:00 0                          [stack:20319]
7fee3e37c000-7fee3e37d000 ---p 00000000 00:00 0 
7fee3e37d000-7fee3e488000 rw-p 00000000 00:00 0                          [stack:20318]
7fee3e488000-7fee3e4d0000 rw-p 00000000 00:00 0 
7fee3e4d0000-7fee3e526000 rw-p 00000000 00:00 0 
7fee3e526000-7fee3e626000 rw-p 00000000 00:00 0 
7fee3e626000-7fee3e631000 rw-p 00000000 00:00 0 
7fee3e631000-7fee3e679000 rw-p 00000000 00:00 0 
7fee3e679000-7fee3e6cf000 rw-p 00000000 00:00 0 
7fee3e6cf000-7fee3e7ce000 rw-p 00000000 00:00 0 
7fee3e7ce000-7fee3e81a000 rw-p 00000000 00:00 0 
7fee3e81a000-7fee3e879000 rw-p 00000000 00:00 0 
7fee3e879000-7fee3e87a000 rw-p 00000000 00:00 0 
7fee3e87a000-7fee3e882000 r-xp 00000000 08:06 1440355                    /usr/lib/jvm/java-7-openjdk-amd64/jre/lib/amd64/libzip.so
7fee3e882000-7fee3ea81000 ---p 00008000 08:06 1440355                    /usr/lib/jvm/java-7-openjdk-amd64/jre/lib/amd64/libzip.so
7fee3ea81000-7fee3ea82000 r--p 00007000 08:06 1440355                    /usr/lib/jvm/java-7-openjdk-amd64/jre/lib/amd64/libzip.so
7fee3ea82000-7fee3ea83000 rw-p 00008000 08:06 1440355                    /usr/lib/jvm/java-7-openjdk-amd64/jre/lib/amd64/libzip.so
7fee3ea83000-7fee3ea8d000 r-xp 00000000 08:06 578414                     /lib/x86_64-linux-gnu/libnss_files-2.19.so
7fee3ea8d000-7fee3ec8c000 ---p 0000a000 08:06 578414                     /lib/x86_64-linux-gnu/libnss_files-2.19.so
7fee3ec8c000-7fee3ec8d000 r--p 00009000 08:06 578414                     /lib/x86_64-linux-gnu/libnss_files-2.19.so
7fee3ec8d000-7fee3ec8e000 rw-p 0000a000 08:06 578414                     /lib/x86_64-linux-gnu/libnss_files-2.19.so
7fee3ec8e000-7fee3ec99000 r-xp 00000000 08:06 575799                     /lib/x86_64-linux-gnu/libnss_nis-2.19.so
7fee3ec99000-7fee3ee98000 ---p 0000b000 08:06 575799                     /lib/x86_64-linux-gnu/libnss_nis-2.19.so
7fee3ee98000-7fee3ee99000 r--p 0000a000 08:06 575799                     /lib/x86_64-linux-gnu/libnss_nis-2.19.so
7fee3ee99000-7fee3ee9a000 rw-p 0000b000 08:06 575799                     /lib/x86_64-linux-gnu/libnss_nis-2.19.so
7fee3ee9a000-7fee3eeb1000 r-xp 00000000 08:06 572192                     /lib/x86_64-linux-gnu/libnsl-2.19.so
7fee3eeb1000-7fee3f0b0000 ---p 00017000 08:06 572192                     /lib/x86_64-linux-gnu/libnsl-2.19.so
7fee3f0b0000-7fee3f0b1000 r--p 00016000 08:06 572192                     /lib/x86_64-linux-gnu/libnsl-2.19.so
7fee3f0b1000-7fee3f0b2000 rw-p 00017000 08:06 572192                     /lib/x86_64-linux-gnu/libnsl-2.19.so
7fee3f0b2000-7fee3f0b4000 rw-p 00000000 00:00 0 
7fee3f0b4000-7fee3f0bd000 r-xp 00000000 08:06 571748                     /lib/x86_64-linux-gnu/libnss_compat-2.19.so
7fee3f0bd000-7fee3f2bc000 ---p 00009000 08:06 571748                     /lib/x86_64-linux-gnu/libnss_compat-2.19.so
7fee3f2bc000-7fee3f2bd000 r--p 00008000 08:06 571748                     /lib/x86_64-linux-gnu/libnss_compat-2.19.so
7fee3f2bd000-7fee3f2be000 rw-p 00009000 08:06 571748                     /lib/x86_64-linux-gnu/libnss_compat-2.19.so
7fee3f2be000-7fee3f2e9000 r-xp 00000000 08:06 1440341                    /usr/lib/jvm/java-7-openjdk-amd64/jre/lib/amd64/libjava.so
7fee3f2e9000-7fee3f4e9000 ---p 0002b000 08:06 1440341                    /usr/lib/jvm/java-7-openjdk-amd64/jre/lib/amd64/libjava.so
7fee3f4e9000-7fee3f4ea000 r--p 0002b000 08:06 1440341                    /usr/lib/jvm/java-7-openjdk-amd64/jre/lib/amd64/libjava.so
7fee3f4ea000-7fee3f4ec000 rw-p 0002c000 08:06 1440341                    /usr/lib/jvm/java-7-openjdk-amd64/jre/lib/amd64/libjava.so
7fee3f4ec000-7fee3f4fc000 r-xp 00000000 08:06 1440342                    /usr/lib/jvm/java-7-openjdk-amd64/jre/lib/amd64/libverify.so
7fee3f4fc000-7fee3f6fb000 ---p 00010000 08:06 1440342                    /usr/lib/jvm/java-7-openjdk-amd64/jre/lib/amd64/libverify.so
7fee3f6fb000-7fee3f6fd000 r--p 0000f000 08:06 1440342                    /usr/lib/jvm/java-7-openjdk-amd64/jre/lib/amd64/libverify.so
7fee3f6fd000-7fee3f6fe000 rw-p 00011000 08:06 1440342                    /usr/lib/jvm/java-7-openjdk-amd64/jre/lib/amd64/libverify.so
7fee3f6fe000-7fee3f705000 r-xp 00000000 08:06 578407                     /lib/x86_64-linux-gnu/librt-2.19.so
7fee3f705000-7fee3f904000 ---p 00007000 08:06 578407                     /lib/x86_64-linux-gnu/librt-2.19.so
7fee3f904000-7fee3f905000 r--p 00006000 08:06 578407                     /lib/x86_64-linux-gnu/librt-2.19.so
7fee3f905000-7fee3f906000 rw-p 00007000 08:06 578407                     /lib/x86_64-linux-gnu/librt-2.19.so
7fee3f906000-7fee3f91c000 r-xp 00000000 08:06 524281                     /lib/x86_64-linux-gnu/libgcc_s.so.1
7fee3f91c000-7fee3fb1b000 ---p 00016000 08:06 524281                     /lib/x86_64-linux-gnu/libgcc_s.so.1
7fee3fb1b000-7fee3fb1c000 rw-p 00015000 08:06 524281                     /lib/x86_64-linux-gnu/libgcc_s.so.1
7fee3fb1c000-7fee3fc21000 r-xp 00000000 08:06 570032                     /lib/x86_64-linux-gnu/libm-2.19.so
7fee3fc21000-7fee3fe20000 ---p 00105000 08:06 570032                     /lib/x86_64-linux-gnu/libm-2.19.so
7fee3fe20000-7fee3fe21000 r--p 00104000 08:06 570032                     /lib/x86_64-linux-gnu/libm-2.19.so
7fee3fe21000-7fee3fe22000 rw-p 00105000 08:06 570032                     /lib/x86_64-linux-gnu/libm-2.19.so
7fee3fe22000-7fee3ff08000 r-xp 00000000 08:06 1311274                    /usr/lib/x86_64-linux-gnu/libstdc++.so.6.0.19
7fee3ff08000-7fee40107000 ---p 000e6000 08:06 1311274                    /usr/lib/x86_64-linux-gnu/libstdc++.so.6.0.19
7fee40107000-7fee4010f000 r--p 000e5000 08:06 1311274                    /usr/lib/x86_64-linux-gnu/libstdc++.so.6.0.19
7fee4010f000-7fee40111000 rw-p 000ed000 08:06 1311274                    /usr/lib/x86_64-linux-gnu/libstdc++.so.6.0.19
7fee40111000-7fee40126000 rw-p 00000000 00:00 0 
7fee40126000-7fee40c4b000 r-xp 00000000 08:06 1440353                    /usr/lib/jvm/java-7-openjdk-amd64/jre/lib/amd64/server/libjvm.so
7fee40c4b000-7fee40e4b000 ---p 00b25000 08:06 1440353                    /usr/lib/jvm/java-7-openjdk-amd64/jre/lib/amd64/server/libjvm.so
7fee40e4b000-7fee40ee5000 r--p 00b25000 08:06 1440353                    /usr/lib/jvm/java-7-openjdk-amd64/jre/lib/amd64/server/libjvm.so
7fee40ee5000-7fee40f08000 rw-p 00bbf000 08:06 1440353                    /usr/lib/jvm/java-7-openjdk-amd64/jre/lib/amd64/server/libjvm.so
7fee40f08000-7fee40f37000 rw-p 00000000 00:00 0 
7fee40f37000-7fee40f4f000 r-xp 00000000 08:06 527748                     /lib/x86_64-linux-gnu/libz.so.1.2.8
7fee40f4f000-7fee4114e000 ---p 00018000 08:06 527748                     /lib/x86_64-linux-gnu/libz.so.1.2.8
7fee4114e000-7fee4114f000 r--p 00017000 08:06 527748                     /lib/x86_64-linux-gnu/libz.so.1.2.8
7fee4114f000-7fee41150000 rw-p 00018000 08:06 527748                     /lib/x86_64-linux-gnu/libz.so.1.2.8
7fee41150000-7fee41169000 r-xp 00000000 08:06 575262                     /lib/x86_64-linux-gnu/libpthread-2.19.so
7fee41169000-7fee41368000 ---p 00019000 08:06 575262                     /lib/x86_64-linux-gnu/libpthread-2.19.so
7fee41368000-7fee41369000 r--p 00018000 08:06 575262                     /lib/x86_64-linux-gnu/libpthread-2.19.so
7fee41369000-7fee4136a000 rw-p 00019000 08:06 575262                     /lib/x86_64-linux-gnu/libpthread-2.19.so
7fee4136a000-7fee4136e000 rw-p 00000000 00:00 0 
7fee4136e000-7fee41371000 r-xp 00000000 08:06 571335                     /lib/x86_64-linux-gnu/libdl-2.19.so
7fee41371000-7fee41570000 ---p 00003000 08:06 571335                     /lib/x86_64-linux-gnu/libdl-2.19.so
7fee41570000-7fee41571000 r--p 00002000 08:06 571335                     /lib/x86_64-linux-gnu/libdl-2.19.so
7fee41571000-7fee41572000 rw-p 00003000 08:06 571335                     /lib/x86_64-linux-gnu/libdl-2.19.so
7fee41572000-7fee4172c000 r-xp 00000000 08:06 578408                     /lib/x86_64-linux-gnu/libc-2.19.so
7fee4172c000-7fee4192c000 ---p 001ba000 08:06 578408                     /lib/x86_64-linux-gnu/libc-2.19.so
7fee4192c000-7fee41930000 r--p 001ba000 08:06 578408                     /lib/x86_64-linux-gnu/libc-2.19.so
7fee41930000-7fee41932000 rw-p 001be000 08:06 578408                     /lib/x86_64-linux-gnu/libc-2.19.so
7fee41932000-7fee41937000 rw-p 00000000 00:00 0 
7fee41937000-7fee41944000 r-xp 00000000 08:06 1440368                    /usr/lib/jvm/java-7-openjdk-amd64/jre/lib/amd64/jli/libjli.so
7fee41944000-7fee41b43000 ---p 0000d000 08:06 1440368                    /usr/lib/jvm/java-7-openjdk-amd64/jre/lib/amd64/jli/libjli.so
7fee41b43000-7fee41b44000 r--p 0000c000 08:06 1440368                    /usr/lib/jvm/java-7-openjdk-amd64/jre/lib/amd64/jli/libjli.so
7fee41b44000-7fee41b45000 rw-p 0000d000 08:06 1440368                    /usr/lib/jvm/java-7-openjdk-amd64/jre/lib/amd64/jli/libjli.so
7fee41b45000-7fee41b68000 r-xp 00000000 08:06 575263                     /lib/x86_64-linux-gnu/ld-2.19.so
7fee41b68000-7fee41b6c000 r--s 00034000 08:06 1440396                    /usr/lib/jvm/java-7-openjdk-amd64/jre/lib/ext/sunjce_provider.jar
7fee41b6c000-7fee41b6e000 r--s 00012000 08:06 1440395                    /usr/lib/jvm/java-7-openjdk-amd64/jre/lib/ext/zipfs.jar
7fee41b6e000-7fee41b71000 r--s 0000f000 08:06 1440397                    /usr/lib/jvm/java-7-openjdk-amd64/jre/lib/ext/icedtea-sound.jar
7fee41b71000-7fee41b73000 r--s 00006000 08:06 1712258                    /usr/share/java/java-atk-wrapper.jar
7fee41b73000-7fee41b77000 r--s 0003c000 08:06 1440399                    /usr/lib/jvm/java-7-openjdk-amd64/jre/lib/ext/sunpkcs11.jar
7fee41b77000-7fee41b7b000 r--s 00085000 08:06 1440398                    /usr/lib/jvm/java-7-openjdk-amd64/jre/lib/ext/localedata.jar
7fee41b7b000-7fee41b85000 rw-p 00000000 00:00 0 
7fee41b85000-7fee41c3b000 rw-p 00000000 00:00 0 
7fee41c3b000-7fee41c3e000 ---p 00000000 00:00 0 
7fee41c3e000-7fee41d42000 rw-p 00000000 00:00 0                          [stack:20317]
7fee41d42000-7fee41d43000 r--s 00002000 08:06 1440394                    /usr/lib/jvm/java-7-openjdk-amd64/jre/lib/ext/dnsns.jar
7fee41d43000-7fee41d5b000 rw-p 00000000 00:00 0 
7fee41d5b000-7fee41d63000 rw-s 00000000 08:06 530932                     /tmp/hsperfdata_pponzio/20316
7fee41d63000-7fee41d64000 rw-p 00000000 00:00 0 
7fee41d64000-7fee41d65000 ---p 00000000 00:00 0 
7fee41d65000-7fee41d67000 rw-p 00000000 00:00 0 
7fee41d67000-7fee41d68000 r--p 00022000 08:06 575263                     /lib/x86_64-linux-gnu/ld-2.19.so
7fee41d68000-7fee41d69000 rw-p 00023000 08:06 575263                     /lib/x86_64-linux-gnu/ld-2.19.so
7fee41d69000-7fee41d6a000 rw-p 00000000 00:00 0 
7ffec9dfe000-7ffec9e20000 rw-p 00000000 00:00 0                          [stack]
7ffec9ee8000-7ffec9eea000 r--p 00000000 00:00 0                          [vvar]
7ffec9eea000-7ffec9eec000 r-xp 00000000 00:00 0                          [vdso]
ffffffffff600000-ffffffffff601000 r-xp 00000000 00:00 0                  [vsyscall]

VM Arguments:
jvm_args: -Xms256M -Xmx1024M 
java_command: rfm.alloy.CLI -b -B /home/pponzio/unrc/investigacion/bottom-up/bottom-up-testing/specs32b/BinHeapIntVar-10.als
Launcher Type: SUN_STANDARD

Environment Variables:
PATH=/home/pponzio/soft/jpf/jpf-core/bin:/home/pponzio/unrc/investigacion/CBMC/cbmc-4-9-linux-64:/usr/local/sbin:/usr/local/bin:/usr/sbin:/usr/bin:/sbin:/bin:/usr/games:/usr/local/games
USERNAME=pponzio
SHELL=/bin/bash
DISPLAY=:0

Signal Handlers:
SIGSEGV: [libjvm.so+0x9561e0], sa_mask[0]=0x7ffbfeff, sa_flags=0x10000004
SIGBUS: [libjvm.so+0x9561e0], sa_mask[0]=0x7ffbfeff, sa_flags=0x10000004
SIGFPE: [libjvm.so+0x7cc4d0], sa_mask[0]=0x7ffbfeff, sa_flags=0x10000004
SIGPIPE: [libjvm.so+0x7cc4d0], sa_mask[0]=0x7ffbfeff, sa_flags=0x10000004
SIGXFSZ: [libjvm.so+0x7cc4d0], sa_mask[0]=0x7ffbfeff, sa_flags=0x10000004
SIGILL: [libjvm.so+0x7cc4d0], sa_mask[0]=0x7ffbfeff, sa_flags=0x10000004
SIGUSR1: SIG_DFL, sa_mask[0]=0x00000000, sa_flags=0x00000000
SIGUSR2: [libjvm.so+0x7cc370], sa_mask[0]=0x00000000, sa_flags=0x10000004
SIGHUP: [libjvm.so+0x7cc550], sa_mask[0]=0x7ffbfeff, sa_flags=0x10000004
SIGINT: [libjvm.so+0x7cc550], sa_mask[0]=0x7ffbfeff, sa_flags=0x10000004
SIGTERM: [libjvm.so+0x7cc550], sa_mask[0]=0x7ffbfeff, sa_flags=0x10000004
SIGQUIT: [libjvm.so+0x7cc550], sa_mask[0]=0x7ffbfeff, sa_flags=0x10000004
SIGTRAP: SIG_DFL, sa_mask[0]=0x00000000, sa_flags=0x00000000


---------------  S Y S T E M  ---------------

OS:LinuxMint 17.3 (rosa)
uname:Linux 3.19.0-32-generic #37~14.04.1-Ubuntu SMP Thu Oct 22 09:41:40 UTC 2015 x86_64
libc:glibc 2.19 NPTL 2.19 
rlimit: STACK 8192k, CORE 0k, NPROC 13941, NOFILE 4096, AS infinity
load average:2,41 0,97 0,70

/proc/meminfo:
MemTotal:        3601228 kB
MemFree:          104704 kB
MemAvailable:      52344 kB
Buffers:             440 kB
Cached:           187360 kB
SwapCached:        10932 kB
Active:          2382144 kB
Inactive:         931636 kB
Active(anon):    2375652 kB
Inactive(anon):   921936 kB
Active(file):       6492 kB
Inactive(file):     9700 kB
Unevictable:           0 kB
Mlocked:               0 kB
SwapTotal:       4194300 kB
SwapFree:              0 kB
Dirty:              2332 kB
Writeback:             0 kB
AnonPages:       3115996 kB
Mapped:            76292 kB
Shmem:            171204 kB
Slab:              86904 kB
SReclaimable:      48020 kB
SUnreclaim:        38884 kB
KernelStack:       10480 kB
PageTables:        45256 kB
NFS_Unstable:          0 kB
Bounce:                0 kB
WritebackTmp:          0 kB
CommitLimit:     5994912 kB
Committed_AS:   10042608 kB
VmallocTotal:   34359738367 kB
VmallocUsed:      349380 kB
VmallocChunk:   34359294444 kB
HardwareCorrupted:     0 kB
AnonHugePages:     55296 kB
CmaTotal:              0 kB
CmaFree:               0 kB
HugePages_Total:       0
HugePages_Free:        0
HugePages_Rsvd:        0
HugePages_Surp:        0
Hugepagesize:       2048 kB
DirectMap4k:      418716 kB
DirectMap2M:     3323904 kB


CPU:total 4 (2 cores per cpu, 2 threads per core) family 6 model 58 stepping 9, cmov, cx8, fxsr, mmx, sse, sse2, sse3, ssse3, sse4.1, sse4.2, popcnt, avx, erms, ht, tsc, tscinvbit, tscinv

/proc/cpuinfo:
processor	: 0
vendor_id	: GenuineIntel
cpu family	: 6
model		: 58
model name	: Intel(R) Core(TM) i5-3317U CPU @ 1.70GHz
stepping	: 9
microcode	: 0x12
cpu MHz		: 2422.167
cache size	: 3072 KB
physical id	: 0
siblings	: 4
core id		: 0
cpu cores	: 2
apicid		: 0
initial apicid	: 0
fpu		: yes
fpu_exception	: yes
cpuid level	: 13
wp		: yes
flags		: fpu vme de pse tsc msr pae mce cx8 apic sep mtrr pge mca cmov pat pse36 clflush dts acpi mmx fxsr sse sse2 ss ht tm pbe syscall nx rdtscp lm constant_tsc arch_perfmon pebs bts rep_good nopl xtopology nonstop_tsc aperfmperf eagerfpu pni pclmulqdq dtes64 monitor ds_cpl vmx est tm2 ssse3 cx16 xtpr pdcm pcid sse4_1 sse4_2 x2apic popcnt tsc_deadline_timer xsave avx f16c rdrand lahf_lm ida arat epb pln pts dtherm tpr_shadow vnmi flexpriority ept vpid fsgsbase smep erms xsaveopt
bugs		:
bogomips	: 3392.07
clflush size	: 64
cache_alignment	: 64
address sizes	: 36 bits physical, 48 bits virtual
power management:

processor	: 1
vendor_id	: GenuineIntel
cpu family	: 6
model		: 58
model name	: Intel(R) Core(TM) i5-3317U CPU @ 1.70GHz
stepping	: 9
microcode	: 0x12
cpu MHz		: 2399.988
cache size	: 3072 KB
physical id	: 0
siblings	: 4
core id		: 0
cpu cores	: 2
apicid		: 1
initial apicid	: 1
fpu		: yes
fpu_exception	: yes
cpuid level	: 13
wp		: yes
flags		: fpu vme de pse tsc msr pae mce cx8 apic sep mtrr pge mca cmov pat pse36 clflush dts acpi mmx fxsr sse sse2 ss ht tm pbe syscall nx rdtscp lm constant_tsc arch_perfmon pebs bts rep_good nopl xtopology nonstop_tsc aperfmperf eagerfpu pni pclmulqdq dtes64 monitor ds_cpl vmx est tm2 ssse3 cx16 xtpr pdcm pcid sse4_1 sse4_2 x2apic popcnt tsc_deadline_timer xsave avx f16c rdrand lahf_lm ida arat epb pln pts dtherm tpr_shadow vnmi flexpriority ept vpid fsgsbase smep erms xsaveopt
bugs		:
bogomips	: 3392.07
clflush size	: 64
cache_alignment	: 64
address sizes	: 36 bits physical, 48 bits virtual
power management:

processor	: 2
vendor_id	: GenuineIntel
cpu family	: 6
model		: 58
model name	: Intel(R) Core(TM) i5-3317U CPU @ 1.70GHz
stepping	: 9
microcode	: 0x12
cpu MHz		: 2399.988
cache size	: 3072 KB
physical id	: 0
siblings	: 4
core id		: 1
cpu cores	: 2
apicid		: 2
initial apicid	: 2
fpu		: yes
fpu_exception	: yes
cpuid level	: 13
wp		: yes
flags		: fpu vme de pse tsc msr pae mce cx8 apic sep mtrr pge mca cmov pat pse36 clflush dts acpi mmx fxsr sse sse2 ss ht tm pbe syscall nx rdtscp lm constant_tsc arch_perfmon pebs bts rep_good nopl xtopology nonstop_tsc aperfmperf eagerfpu pni pclmulqdq dtes64 monitor ds_cpl vmx est tm2 ssse3 cx16 xtpr pdcm pcid sse4_1 sse4_2 x2apic popcnt tsc_deadline_timer xsave avx f16c rdrand lahf_lm ida arat epb pln pts dtherm tpr_shadow vnmi flexpriority ept vpid fsgsbase smep erms xsaveopt
bugs		:
bogomips	: 3392.07
clflush size	: 64
cache_alignment	: 64
address sizes	: 36 bits physical, 48 bits virtual
power management:

processor	: 3
vendor_id	: GenuineIntel
cpu family	: 6
model		: 58
model name	: Intel(R) Core(TM) i5-3317U CPU @ 1.70GHz
stepping	: 9
microcode	: 0x12
cpu MHz		: 2399.988
cache size	: 3072 KB
physical id	: 0
siblings	: 4
core id		: 1
cpu cores	: 2
apicid		: 3
initial apicid	: 3
fpu		: yes
fpu_exception	: yes
cpuid level	: 13
wp		: yes
flags		: fpu vme de pse tsc msr pae mce cx8 apic sep mtrr pge mca cmov pat pse36 clflush dts acpi mmx fxsr sse sse2 ss ht tm pbe syscall nx rdtscp lm constant_tsc arch_perfmon pebs bts rep_good nopl xtopology nonstop_tsc aperfmperf eagerfpu pni pclmulqdq dtes64 monitor ds_cpl vmx est tm2 ssse3 cx16 xtpr pdcm pcid sse4_1 sse4_2 x2apic popcnt tsc_deadline_timer xsave avx f16c rdrand lahf_lm ida arat epb pln pts dtherm tpr_shadow vnmi flexpriority ept vpid fsgsbase smep erms xsaveopt
bugs		:
bogomips	: 3392.07
clflush size	: 64
cache_alignment	: 64
address sizes	: 36 bits physical, 48 bits virtual
power management:



Memory: 4k page, physical 3601228k(103464k free), swap 4194300k(0k free)

vm_info: OpenJDK 64-Bit Server VM (24.95-b01) for linux-amd64 JRE (1.7.0_101-b00), built on Apr 24 2016 20:39:29 by "buildd" with gcc 4.8.2

time: Wed Jul 20 18:07:30 2016
elapsed time: 7 seconds

