
00000000  Starting Alloy Analyzer command line interface

    * CLI version             : 1.6.2rc3
    * Alloy version           : 4.1.10
    * Input spec file         : /home/marcelo/Documentos/universidad/doctorado/permanent-workarounds/incremental-wa/list.als
    * Guigna bounds hack      : enabled

00000230  Parsing and typechecking

    * Command type            : run
    * Command label           : linv

00000573  Translating Alloy to Kodkod

    * Solver                  : cnf
    * Bit width               : 3
    * Max sequence            : 3
    * Skolem depth            : 0
    * Symmbreaking            : 20

00000662  Translating Kodkod to CNF + BED + rels

    * BED output file         : /home/marcelo/Documentos/universidad/doctorado/permanent-workarounds/incremental-wa/list.als.bed
    * Rels output file        : /home/marcelo/Documentos/universidad/doctorado/permanent-workarounds/incremental-wa/list.als.rels

00001030  Solving

    * Primary vars            : 45
    * Total vars              : 421
    * Clauses                 : 627
    * CNF output file         : /tmp/tmp8986648099795072675.cnf

00001041  Translation finished

