
00000000  Starting Alloy Analyzer command line interface

    * CLI version             : 1.6.2rc3
    * Alloy version           : 4.1.10
    * Input spec file         : /home/marcelo/Documentos/universidad/doctorado/transient-workarounds/trunk/tool/Pewa/bin/resultado.als
    * Guigna bounds hack      : enabled

00001180  Parsing and typechecking

    * Command type            : check
    * Command label           : programa_wap

00005678  Translating Alloy to Kodkod

    * Solver                  : cnf
    * Bit width               : 4
    * Max sequence            : 0
    * Skolem depth            : 0
    * Symmbreaking            : 20

00013959  Translating Kodkod to CNF + BED + rels

    * BED output file         : /home/marcelo/Documentos/universidad/doctorado/transient-workarounds/trunk/tool/Pewa/bin/resultado.als.bed
    * Rels output file        : /home/marcelo/Documentos/universidad/doctorado/transient-workarounds/trunk/tool/Pewa/bin/resultado.als.rels

00022053  Solving

    * Primary vars            : 386
    * Total vars              : 26359
    * Clauses                 : 30423
    * CNF output file         : /tmp/tmp6689015340389664849.cnf

00022113  Translation finished

