
00000000  Starting Alloy Analyzer command line interface

    * CLI version             : 1.6.2rc3
    * Alloy version           : 4.1.10
    * Input spec file         : /home/pponzio/unrc/investigacion/workarounds/incremental-wa/specs-wa/mod_alloy_lista_3_add_first.als
    * Guigna bounds hack      : enabled

00000017  Parsing and typechecking

    * Command type            : check
    * Command label           : programa_wap

00002986  Translating Alloy to Kodkod

    * Solver                  : cnf
    * Bit width               : 4
    * Max sequence            : 0
    * Skolem depth            : 0
    * Symmbreaking            : 20

00008740  Translating Kodkod to CNF + BED + rels

    * BED output file         : /home/pponzio/unrc/investigacion/workarounds/incremental-wa/specs-wa/mod_alloy_lista_3_add_first.als.bed
    * Rels output file        : /home/pponzio/unrc/investigacion/workarounds/incremental-wa/specs-wa/mod_alloy_lista_3_add_first.als.rels

00016600  Solving

    * Primary vars            : 511
    * Total vars              : 47503
    * Clauses                 : 75884
    * CNF output file         : /tmp/tmp1041497094225027954.cnf

00016603  Translation finished

